This is pdfTeX, Version 3.14159265-2.6-1.40.18 (TeX Live 2017/Debian) (preloaded format=pdflatex 2019.1.28)  14 MAR 2019 15:31
entering extended mode
 restricted \write18 enabled.
 %&-line parsing enabled.
**Tech_rep.tex
(./Tech_rep.tex
LaTeX2e <2017-04-15>
Babel <3.18> and hyphenation patterns for 1 language(s) loaded.

LaTeX Warning: File `example.eps' already exists on the system.
               Not generating it from this source.


! LaTeX Error: File `fix-cm.sty' not found.

Type X to quit or <RETURN> to proceed,
or enter new name. (Default extension: sty)

Enter file name: 
! Emergency stop.
<read *> 
         
l.43 \documentclass
                   [smallextended]{svjour3}       % onecolumn (second format...
*** (cannot \read from terminal in nonstop modes)

 
Here is how much of TeX's memory you used:
 12 strings out of 494937
 202 string characters out of 6181051
 45552 words of memory out of 5000000
 3416 multiletter control sequences out of 15000+600000
 3640 words of font info for 14 fonts, out of 8000000 for 9000
 14 hyphenation exceptions out of 8191
 10i,0n,7p,103b,56s stack positions out of 5000i,500n,10000p,200000b,80000s
!  ==> Fatal error occurred, no output PDF file produced!
